2023-01-13 12:59:57,555 - INFO - autoreload.py - Watching for file changes with StatReloader
2023-01-13 13:03:01,344 - INFO - autoreload.py - Watching for file changes with StatReloader
2023-01-13 13:04:01,345 - INFO - autoreload.py - /home/sora/Desktop/python/Django/bilal_chert/product/models.py changed, reloading.
2023-01-13 13:04:02,030 - INFO - autoreload.py - Watching for file changes with StatReloader
2023-01-13 13:04:55,852 - INFO - autoreload.py - Watching for file changes with StatReloader
2023-01-13 13:08:06,172 - INFO - autoreload.py - Watching for file changes with StatReloader
2023-01-13 13:09:03,581 - ERROR - log.py - Internal Server Error: /admin/product/product/add/
Traceback (most recent call last):
  File "/home/sora/Desktop/python/Django/bilal_chert/venv/lib64/python3.11/site-packages/django/core/handlers/exception.py", line 55, in inner
    response = get_response(request)
               ^^^^^^^^^^^^^^^^^^^^^
  File "/home/sora/Desktop/python/Django/bilal_chert/venv/lib64/python3.11/site-packages/django/core/handlers/base.py", line 197, in _get_response
    response = wrapped_callback(request, *callback_args, **callback_kwargs)
               ^^^^^^^^^^^^^^^^^^^^^^^^^^^^^^^^^^^^^^^^^^^^^^^^^^^^^^^^^^^^
  File "/home/sora/Desktop/python/Django/bilal_chert/venv/lib64/python3.11/site-packages/django/contrib/admin/options.py", line 686, in wrapper
    return self.admin_site.admin_view(view)(*args, **kwargs)
           ^^^^^^^^^^^^^^^^^^^^^^^^^^^^^^^^^^^^^^^^^^^^^^^^^
  File "/home/sora/Desktop/python/Django/bilal_chert/venv/lib64/python3.11/site-packages/django/utils/decorators.py", line 133, in _wrapped_view
    response = view_func(request, *args, **kwargs)
               ^^^^^^^^^^^^^^^^^^^^^^^^^^^^^^^^^^^
  File "/home/sora/Desktop/python/Django/bilal_chert/venv/lib64/python3.11/site-packages/django/views/decorators/cache.py", line 62, in _wrapped_view_func
    response = view_func(request, *args, **kwargs)
               ^^^^^^^^^^^^^^^^^^^^^^^^^^^^^^^^^^^
  File "/home/sora/Desktop/python/Django/bilal_chert/venv/lib64/python3.11/site-packages/django/contrib/admin/sites.py", line 242, in inner
    return view(request, *args, **kwargs)
           ^^^^^^^^^^^^^^^^^^^^^^^^^^^^^^
  File "/home/sora/Desktop/python/Django/bilal_chert/venv/lib64/python3.11/site-packages/django/contrib/admin/options.py", line 1890, in add_view
    return self.changeform_view(request, None, form_url, extra_context)
           ^^^^^^^^^^^^^^^^^^^^^^^^^^^^^^^^^^^^^^^^^^^^^^^^^^^^^^^^^^^^
  File "/home/sora/Desktop/python/Django/bilal_chert/venv/lib64/python3.11/site-packages/django/utils/decorators.py", line 46, in _wrapper
    return bound_method(*args, **kwargs)
           ^^^^^^^^^^^^^^^^^^^^^^^^^^^^^
  File "/home/sora/Desktop/python/Django/bilal_chert/venv/lib64/python3.11/site-packages/django/utils/decorators.py", line 133, in _wrapped_view
    response = view_func(request, *args, **kwargs)
               ^^^^^^^^^^^^^^^^^^^^^^^^^^^^^^^^^^^
  File "/home/sora/Desktop/python/Django/bilal_chert/venv/lib64/python3.11/site-packages/django/contrib/admin/options.py", line 1750, in changeform_view
    return self._changeform_view(request, object_id, form_url, extra_context)
           ^^^^^^^^^^^^^^^^^^^^^^^^^^^^^^^^^^^^^^^^^^^^^^^^^^^^^^^^^^^^^^^^^^
  File "/home/sora/Desktop/python/Django/bilal_chert/venv/lib64/python3.11/site-packages/django/contrib/admin/options.py", line 1802, in _changeform_view
    self.save_model(request, new_object, form, not add)
  File "/home/sora/Desktop/python/Django/bilal_chert/venv/lib64/python3.11/site-packages/django/contrib/admin/options.py", line 1225, in save_model
    obj.save()
  File "/home/sora/Desktop/python/Django/bilal_chert/venv/lib64/python3.11/site-packages/django/db/models/base.py", line 812, in save
    self.save_base(
  File "/home/sora/Desktop/python/Django/bilal_chert/venv/lib64/python3.11/site-packages/django/db/models/base.py", line 878, in save_base
    post_save.send(
  File "/home/sora/Desktop/python/Django/bilal_chert/venv/lib64/python3.11/site-packages/django/dispatch/dispatcher.py", line 176, in send
    return [
           ^
  File "/home/sora/Desktop/python/Django/bilal_chert/venv/lib64/python3.11/site-packages/django/dispatch/dispatcher.py", line 177, in <listcomp>
    (receiver, receiver(signal=self, sender=sender, **named))
               ^^^^^^^^^^^^^^^^^^^^^^^^^^^^^^^^^^^^^^^^^^^^^
  File "/home/sora/Desktop/python/Django/bilal_chert/product/models.py", line 28, in product_post_save
    print(**kwargs)
TypeError: 'signal' is an invalid keyword argument for print()
2023-01-13 13:09:52,467 - INFO - autoreload.py - /home/sora/Desktop/python/Django/bilal_chert/product/models.py changed, reloading.
2023-01-13 13:09:53,366 - INFO - autoreload.py - Watching for file changes with StatReloader
2023-01-13 13:09:57,158 - INFO - autoreload.py - Watching for file changes with StatReloader
2023-01-13 13:11:31,200 - INFO - autoreload.py - /home/sora/Desktop/python/Django/bilal_chert/product/models.py changed, reloading.
2023-01-13 13:11:31,791 - INFO - autoreload.py - Watching for file changes with StatReloader
2023-01-13 13:11:36,981 - INFO - autoreload.py - /home/sora/Desktop/python/Django/bilal_chert/product/models.py changed, reloading.
2023-01-13 13:11:37,680 - INFO - autoreload.py - Watching for file changes with StatReloader
2023-01-13 13:11:39,854 - INFO - autoreload.py - /home/sora/Desktop/python/Django/bilal_chert/product/models.py changed, reloading.
2023-01-13 13:11:40,434 - INFO - autoreload.py - Watching for file changes with StatReloader
2023-01-13 13:11:42,606 - INFO - autoreload.py - /home/sora/Desktop/python/Django/bilal_chert/product/models.py changed, reloading.
2023-01-13 13:11:43,263 - INFO - autoreload.py - Watching for file changes with StatReloader
2023-01-13 13:11:49,462 - INFO - autoreload.py - /home/sora/Desktop/python/Django/bilal_chert/product/models.py changed, reloading.
2023-01-13 13:11:50,046 - INFO - autoreload.py - Watching for file changes with StatReloader
2023-01-13 13:11:55,232 - INFO - autoreload.py - /home/sora/Desktop/python/Django/bilal_chert/product/models.py changed, reloading.
2023-01-13 13:11:55,988 - INFO - autoreload.py - Watching for file changes with StatReloader
2023-01-13 13:11:58,347 - INFO - autoreload.py - /home/sora/Desktop/python/Django/bilal_chert/product/models.py changed, reloading.
2023-01-13 13:11:58,934 - INFO - autoreload.py - Watching for file changes with StatReloader
2023-01-13 13:12:06,139 - INFO - autoreload.py - /home/sora/Desktop/python/Django/bilal_chert/product/models.py changed, reloading.
2023-01-13 13:12:06,684 - INFO - autoreload.py - Watching for file changes with StatReloader
2023-01-13 13:12:08,009 - INFO - autoreload.py - /home/sora/Desktop/python/Django/bilal_chert/product/models.py changed, reloading.
2023-01-13 13:12:08,578 - INFO - autoreload.py - Watching for file changes with StatReloader
2023-01-13 13:15:53,744 - INFO - autoreload.py - /home/sora/Desktop/python/Django/bilal_chert/product/models.py changed, reloading.
2023-01-13 13:15:54,513 - INFO - autoreload.py - Watching for file changes with StatReloader
